[LOG] System::create                           : Header version = 2.02.20. Current version = 2.02.20.
[LOG] Manager::init                            : maxchannels = 256 studioflags = 00000006 flags 00000000 extradriverdata 0000000000000000.
[LOG] SystemI::init                            : Initialize version=20220 (139317), maxchannels=256, flags=0x00020000
[LOG] SystemI::setOutputInternal               : Setting output to 'FMOD WASAPI Output'
[LOG] OutputWASAPI::init                       : Mix Format (WAVEFORMATEX): wFormatTag=0xFFFE, nChannels=2, nSamplesPerSec=48000, nAvgBytesPerSec=384000, nBlockAlign=8, wBitsPerSample=32, cbSize=22.
[LOG] OutputWASAPI::init                       : Mix Format (WAVEFORMATEXTENSIBLE): wValidBitsPerSample=32, dwChannelMask=0x00000003, SubFormat=00000003-0000-0010-8000-00AA00389B71.
[LOG] OutputWASAPI::init                       : Output buffer size: 4096 samples, latency: 0.00ms, period: 10.00ms, DSP buffer: 1024 * 4
[LOG] Thread::initThread                       : Init FMOD stream thread. Affinity: 0x4000000000000003, Priority: 0xFFFF7FFB, Stack Size: 98304, Semaphore: No, Sleep Time: 10, Looping: Yes.
[LOG] Thread::initThread                       : Init FMOD mixer thread. Affinity: 0x4000000000000001, Priority: 0xFFFF7FFA, Stack Size: 81920, Semaphore: No, Sleep Time: 0, Looping: Yes.
[LOG] AsyncManager::init                       : manager 0000029F6E995248 isAsync 0 updatePeriod 0.02
[LOG] AsyncManager::init                       : done
[LOG] PlaybackSystem::init                     : 
[LOG] Thread::initThread                       : Init FMOD Studio sample load thread. Affinity: 0x4000000000000003, Priority: 0xFFFF7FFD, Stack Size: 98304, Semaphore: No, Sleep Time: 1, Looping: No.
[LOG] PlaybackSystem::init                     : done
[LOG] Thread::initThread                       : Init FMOD Studio bank load thread. Affinity: 0x4000000000000003, Priority: 0xFFFF7FFD, Stack Size: 98304, Semaphore: No, Sleep Time: 1, Looping: No.
[LOG] Manager::init                            : done.
[LOG] Manager::readBank                        : fileversion = 142, compatVersion = 140 (oldest = 44, newest = 142)
[LOG] Manager::readBank                        : fileversion = 142, compatVersion = 140 (oldest = 44, newest = 142)
[LOG] Manager::readBank                        : fileversion = 142, compatVersion = 140 (oldest = 44, newest = 142)
[LOG] PlaybackSystem::acquireMasterBus         : Setting master channel group format to 3
[LOG] Manager::readBank                        : fileversion = 142, compatVersion = 140 (oldest = 44, newest = 142)
[LOG] Manager::readBank                        : fileversion = 142, compatVersion = 140 (oldest = 44, newest = 142)
[LOG] PlaybackSystem::acquireMasterBus         : Setting master channel group format to 3
[LOG] Manager::readBank                        : fileversion = 142, compatVersion = 140 (oldest = 44, newest = 142)
[LOG] Manager::readBank                        : fileversion = 142, compatVersion = 140 (oldest = 44, newest = 142)
[LOG] PlaybackSystem::acquireMasterBus         : Setting master channel group format to 3
[LOG] SystemI::createSoundInternal             : Create name='', mode=0x02000202
[LOG] SystemI::createSoundInternal             : exinfo->cbsize             = 224
[LOG] SystemI::createSoundInternal             : exinfo->length             = 18424832
[LOG] SystemI::createSoundInternal             : exinfo->fileoffset         = 58304
[LOG] SystemI::createSoundInternal             : exinfo->numsubsounds       = 1
[LOG] SystemI::createSoundInternal             : exinfo->inclusionlist      = 000000E2CB39F008
[LOG] SystemI::createSoundInternal             : exinfo->inclusionlistnum   = 1
[LOG] SystemI::createSoundInternal             : exinfo->suggestedsoundtype = 5
[LOG] SystemI::createSoundInternal             : exinfo->useropen           = 00007FFC0FD13F70
[LOG] SystemI::createSoundInternal             : exinfo->userclose          = 00007FFC0FD13F30
[LOG] SystemI::createSoundInternal             : exinfo->userread           = 00007FFC0FD14050
[LOG] SystemI::createSoundInternal             : exinfo->userseek           = 00007FFC0FD14110
[LOG] SystemI::createSoundInternal             : exinfo->fileuserdata       = 0000029F2D5F2F28
[LOG] SystemI::createSoundInternal             : exinfo->initialseekpostype = 1
[LOG] SystemI::createSoundInternal             : Sample 0/1: name='Puzzle_Left', format=2, channels=2, frequency=48000, lengthbytes=48064, lengthpcm=12000, pcmblocksize=0, loopstart=0, loopend=0, mode=0x00000000, channelmask=0x00000000, channelorder=0, peakvolume=0.501187.
[LOG] SystemI::createSoundInternal             : Create name='', mode=0x02000202
[LOG] SystemI::createSoundInternal             : exinfo->cbsize             = 224
[LOG] SystemI::createSoundInternal             : exinfo->length             = 18424832
[LOG] SystemI::createSoundInternal             : exinfo->fileoffset         = 58304
[LOG] SystemI::createSoundInternal             : exinfo->numsubsounds       = 1
[LOG] SystemI::createSoundInternal             : exinfo->inclusionlist      = 000000E2CB39F008
[LOG] SystemI::createSoundInternal             : exinfo->inclusionlistnum   = 1
[LOG] SystemI::createSoundInternal             : exinfo->suggestedsoundtype = 5
[LOG] SystemI::createSoundInternal             : exinfo->useropen           = 00007FFC0FD13F70
[LOG] SystemI::createSoundInternal             : exinfo->userclose          = 00007FFC0FD13F30
[LOG] SystemI::createSoundInternal             : exinfo->userread           = 00007FFC0FD14050
[LOG] SystemI::createSoundInternal             : exinfo->userseek           = 00007FFC0FD14110
[LOG] SystemI::createSoundInternal             : exinfo->fileuserdata       = 0000029F2D5F2F28
[LOG] SystemI::createSoundInternal             : exinfo->initialseekpostype = 1
[LOG] SystemI::createSoundInternal             : Sample 0/1: name='Puzzle_Down', format=2, channels=2, frequency=48000, lengthbytes=48064, lengthpcm=12000, pcmblocksize=0, loopstart=0, loopend=0, mode=0x00000000, channelmask=0x00000000, channelorder=0, peakvolume=0.501187.
[LOG] SystemI::createSoundInternal             : Create name='', mode=0x02000202
[LOG] SystemI::createSoundInternal             : exinfo->cbsize             = 224
[LOG] SystemI::createSoundInternal             : exinfo->length             = 18424832
[LOG] SystemI::createSoundInternal             : exinfo->fileoffset         = 58304
[LOG] SystemI::createSoundInternal             : exinfo->numsubsounds       = 1
[LOG] SystemI::createSoundInternal             : exinfo->inclusionlist      = 000000E2CB39F008
[LOG] SystemI::createSoundInternal             : exinfo->inclusionlistnum   = 1
[LOG] SystemI::createSoundInternal             : exinfo->suggestedsoundtype = 5
[LOG] SystemI::createSoundInternal             : exinfo->useropen           = 00007FFC0FD13F70
[LOG] SystemI::createSoundInternal             : exinfo->userclose          = 00007FFC0FD13F30
[LOG] SystemI::createSoundInternal             : exinfo->userread           = 00007FFC0FD14050
[LOG] SystemI::createSoundInternal             : exinfo->userseek           = 00007FFC0FD14110
[LOG] SystemI::createSoundInternal             : exinfo->fileuserdata       = 0000029F2D5F2F28
[LOG] SystemI::createSoundInternal             : exinfo->initialseekpostype = 1
[LOG] SystemI::createSoundInternal             : Sample 0/1: name='Puzzle_Win', format=2, channels=2, frequency=48000, lengthbytes=240064, lengthpcm=60000, pcmblocksize=0, loopstart=0, loopend=0, mode=0x00000000, channelmask=0x00000000, channelorder=0, peakvolume=0.501187.
[LOG] SystemI::createSoundInternal             : Create name='', mode=0x02000202
[LOG] SystemI::createSoundInternal             : exinfo->cbsize             = 224
[LOG] SystemI::createSoundInternal             : exinfo->length             = 18424832
[LOG] SystemI::createSoundInternal             : exinfo->fileoffset         = 58304
[LOG] SystemI::createSoundInternal             : exinfo->numsubsounds       = 1
[LOG] SystemI::createSoundInternal             : exinfo->inclusionlist      = 000000E2CB39F008
[LOG] SystemI::createSoundInternal             : exinfo->inclusionlistnum   = 1
[LOG] SystemI::createSoundInternal             : exinfo->suggestedsoundtype = 5
[LOG] SystemI::createSoundInternal             : exinfo->useropen           = 00007FFC0FD13F70
[LOG] SystemI::createSoundInternal             : exinfo->userclose          = 00007FFC0FD13F30
[LOG] SystemI::createSoundInternal             : exinfo->userread           = 00007FFC0FD14050
[LOG] SystemI::createSoundInternal             : exinfo->userseek           = 00007FFC0FD14110
[LOG] SystemI::createSoundInternal             : exinfo->fileuserdata       = 0000029F2D5F2F28
[LOG] SystemI::createSoundInternal             : exinfo->initialseekpostype = 1
[LOG] SystemI::createSoundInternal             : Sample 0/1: name='Puzzle_Up', format=2, channels=2, frequency=48000, lengthbytes=48064, lengthpcm=12000, pcmblocksize=0, loopstart=0, loopend=0, mode=0x00000000, channelmask=0x00000000, channelorder=0, peakvolume=0.501187.
[LOG] SystemI::createSoundInternal             : Create name='', mode=0x02000202
[LOG] SystemI::createSoundInternal             : exinfo->cbsize             = 224
[LOG] SystemI::createSoundInternal             : exinfo->length             = 18424832
[LOG] SystemI::createSoundInternal             : exinfo->fileoffset         = 58304
[LOG] SystemI::createSoundInternal             : exinfo->numsubsounds       = 1
[LOG] SystemI::createSoundInternal             : exinfo->inclusionlist      = 000000E2CB39F008
[LOG] SystemI::createSoundInternal             : exinfo->inclusionlistnum   = 1
[LOG] SystemI::createSoundInternal             : exinfo->suggestedsoundtype = 5
[LOG] SystemI::createSoundInternal             : exinfo->useropen           = 00007FFC0FD13F70
[LOG] SystemI::createSoundInternal             : exinfo->userclose          = 00007FFC0FD13F30
[LOG] SystemI::createSoundInternal             : exinfo->userread           = 00007FFC0FD14050
[LOG] SystemI::createSoundInternal             : exinfo->userseek           = 00007FFC0FD14110
[LOG] SystemI::createSoundInternal             : exinfo->fileuserdata       = 0000029F2D5F2F28
[LOG] SystemI::createSoundInternal             : exinfo->initialseekpostype = 1
[LOG] SystemI::createSoundInternal             : Sample 0/1: name='Puzzle_Right', format=2, channels=2, frequency=48000, lengthbytes=48064, lengthpcm=12000, pcmblocksize=0, loopstart=0, loopend=0, mode=0x00000000, channelmask=0x00000000, channelorder=0, peakvolume=0.501187.
[LOG] SoundI::release                          :  (0000029FB2943E98)
[LOG] SoundI::release                          :     Puzzle_Up (0000029FD78204C8)
[LOG] SoundI::release                          :  (0000029FB2945598)
[LOG] SoundI::release                          :     Puzzle_Left (0000029FD781D748)
[LOG] SoundI::release                          :  (0000029FD6E66758)
[LOG] SoundI::release                          :     Puzzle_Right (0000029FD781CD88)
[LOG] SoundI::release                          :  (0000029FB2944FD8)
[LOG] SoundI::release                          :     Puzzle_Down (0000029FD781D8E8)
[LOG] SystemI::createSoundInternal             : Create name='', mode=0x02000202
[LOG] SystemI::createSoundInternal             : exinfo->cbsize             = 224
[LOG] SystemI::createSoundInternal             : exinfo->length             = 18424832
[LOG] SystemI::createSoundInternal             : exinfo->fileoffset         = 58304
[LOG] SystemI::createSoundInternal             : exinfo->numsubsounds       = 1
[LOG] SystemI::createSoundInternal             : exinfo->inclusionlist      = 000000E2CB39F008
[LOG] SystemI::createSoundInternal             : exinfo->inclusionlistnum   = 1
[LOG] SystemI::createSoundInternal             : exinfo->suggestedsoundtype = 5
[LOG] SystemI::createSoundInternal             : exinfo->useropen           = 00007FFC0FD13F70
[LOG] SystemI::createSoundInternal             : exinfo->userclose          = 00007FFC0FD13F30
[LOG] SystemI::createSoundInternal             : exinfo->userread           = 00007FFC0FD14050
[LOG] SystemI::createSoundInternal             : exinfo->userseek           = 00007FFC0FD14110
[LOG] SystemI::createSoundInternal             : exinfo->fileuserdata       = 0000029F2DE3AC18
[LOG] SystemI::createSoundInternal             : exinfo->initialseekpostype = 1
[LOG] SystemI::createSoundInternal             : Sample 0/1: name='Puzzle_Left', format=2, channels=2, frequency=48000, lengthbytes=48064, lengthpcm=12000, pcmblocksize=0, loopstart=0, loopend=0, mode=0x00000000, channelmask=0x00000000, channelorder=0, peakvolume=0.501187.
[LOG] SystemI::createSoundInternal             : Create name='', mode=0x02000202
[LOG] SystemI::createSoundInternal             : exinfo->cbsize             = 224
[LOG] SystemI::createSoundInternal             : exinfo->length             = 18424832
[LOG] SystemI::createSoundInternal             : exinfo->fileoffset         = 58304
[LOG] SystemI::createSoundInternal             : exinfo->numsubsounds       = 1
[LOG] SystemI::createSoundInternal             : exinfo->inclusionlist      = 000000E2CB39F008
[LOG] SystemI::createSoundInternal             : exinfo->inclusionlistnum   = 1
[LOG] SystemI::createSoundInternal             : exinfo->suggestedsoundtype = 5
[LOG] SystemI::createSoundInternal             : exinfo->useropen           = 00007FFC0FD13F70
[LOG] SystemI::createSoundInternal             : exinfo->userclose          = 00007FFC0FD13F30
[LOG] SystemI::createSoundInternal             : exinfo->userread           = 00007FFC0FD14050
[LOG] SystemI::createSoundInternal             : exinfo->userseek           = 00007FFC0FD14110
[LOG] SystemI::createSoundInternal             : exinfo->fileuserdata       = 0000029F2DE3AC18
[LOG] SystemI::createSoundInternal             : exinfo->initialseekpostype = 1
[LOG] SystemI::createSoundInternal             : Sample 0/1: name='Puzzle_Down', format=2, channels=2, frequency=48000, lengthbytes=48064, lengthpcm=12000, pcmblocksize=0, loopstart=0, loopend=0, mode=0x00000000, channelmask=0x00000000, channelorder=0, peakvolume=0.501187.
[LOG] SystemI::createSoundInternal             : Create name='', mode=0x02000202
[LOG] SystemI::createSoundInternal             : exinfo->cbsize             = 224
[LOG] SystemI::createSoundInternal             : exinfo->length             = 18424832
[LOG] SystemI::createSoundInternal             : exinfo->fileoffset         = 58304
[LOG] SystemI::createSoundInternal             : exinfo->numsubsounds       = 1
[LOG] SystemI::createSoundInternal             : exinfo->inclusionlist      = 000000E2CB39F008
[LOG] SystemI::createSoundInternal             : exinfo->inclusionlistnum   = 1
[LOG] SystemI::createSoundInternal             : exinfo->suggestedsoundtype = 5
[LOG] SystemI::createSoundInternal             : exinfo->useropen           = 00007FFC0FD13F70
[LOG] SystemI::createSoundInternal             : exinfo->userclose          = 00007FFC0FD13F30
[LOG] SystemI::createSoundInternal             : exinfo->userread           = 00007FFC0FD14050
[LOG] SystemI::createSoundInternal             : exinfo->userseek           = 00007FFC0FD14110
[LOG] SystemI::createSoundInternal             : exinfo->fileuserdata       = 0000029F2DE3AC18
[LOG] SystemI::createSoundInternal             : exinfo->initialseekpostype = 1
[LOG] SystemI::createSoundInternal             : Sample 0/1: name='Puzzle_Up', format=2, channels=2, frequency=48000, lengthbytes=48064, lengthpcm=12000, pcmblocksize=0, loopstart=0, loopend=0, mode=0x00000000, channelmask=0x00000000, channelorder=0, peakvolume=0.501187.
[LOG] SystemI::createSoundInternal             : Create name='', mode=0x02000202
[LOG] SystemI::createSoundInternal             : exinfo->cbsize             = 224
[LOG] SystemI::createSoundInternal             : exinfo->length             = 18424832
[LOG] SystemI::createSoundInternal             : exinfo->fileoffset         = 58304
[LOG] SystemI::createSoundInternal             : exinfo->numsubsounds       = 1
[LOG] SystemI::createSoundInternal             : exinfo->inclusionlist      = 000000E2CB39F008
[LOG] SystemI::createSoundInternal             : exinfo->inclusionlistnum   = 1
[LOG] SystemI::createSoundInternal             : exinfo->suggestedsoundtype = 5
[LOG] SystemI::createSoundInternal             : exinfo->useropen           = 00007FFC0FD13F70
[LOG] SystemI::createSoundInternal             : exinfo->userclose          = 00007FFC0FD13F30
[LOG] SystemI::createSoundInternal             : exinfo->userread           = 00007FFC0FD14050
[LOG] SystemI::createSoundInternal             : exinfo->userseek           = 00007FFC0FD14110
[LOG] SystemI::createSoundInternal             : exinfo->fileuserdata       = 0000029F2DE3AC18
[LOG] SystemI::createSoundInternal             : exinfo->initialseekpostype = 1
[LOG] SystemI::createSoundInternal             : Sample 0/1: name='Puzzle_Right', format=2, channels=2, frequency=48000, lengthbytes=48064, lengthpcm=12000, pcmblocksize=0, loopstart=0, loopend=0, mode=0x00000000, channelmask=0x00000000, channelorder=0, peakvolume=0.501187.
[LOG] SoundI::release                          :  (0000029FB2943E98)
[LOG] SoundI::release                          :     Puzzle_Up (0000029FD781E2A8)
[LOG] SoundI::release                          :  (0000029FB2930BE8)
[LOG] SoundI::release                          :     Puzzle_Left (0000029FD7820328)
[LOG] SoundI::release                          :  (0000029FB2944FD8)
[LOG] SoundI::release                          :     Puzzle_Right (0000029FD7822888)
[LOG] SoundI::release                          :  (0000029FB2930628)
[LOG] SoundI::release                          :     Puzzle_Down (0000029FD78223A8)
[LOG] SystemI::createSoundInternal             : Create name='', mode=0x02000202
[LOG] SystemI::createSoundInternal             : exinfo->cbsize             = 224
[LOG] SystemI::createSoundInternal             : exinfo->length             = 18424832
[LOG] SystemI::createSoundInternal             : exinfo->fileoffset         = 58304
[LOG] SystemI::createSoundInternal             : exinfo->numsubsounds       = 1
[LOG] SystemI::createSoundInternal             : exinfo->inclusionlist      = 000000E2CB39F008
[LOG] SystemI::createSoundInternal             : exinfo->inclusionlistnum   = 1
[LOG] SystemI::createSoundInternal             : exinfo->suggestedsoundtype = 5
[LOG] SystemI::createSoundInternal             : exinfo->useropen           = 00007FFC0FD13F70
[LOG] SystemI::createSoundInternal             : exinfo->userclose          = 00007FFC0FD13F30
[LOG] SystemI::createSoundInternal             : exinfo->userread           = 00007FFC0FD14050
[LOG] SystemI::createSoundInternal             : exinfo->userseek           = 00007FFC0FD14110
[LOG] SystemI::createSoundInternal             : exinfo->fileuserdata       = 0000029F2DE3AC18
[LOG] SystemI::createSoundInternal             : exinfo->initialseekpostype = 1
[LOG] SystemI::createSoundInternal             : Sample 0/1: name='Puzzle_Left', format=2, channels=2, frequency=48000, lengthbytes=48064, lengthpcm=12000, pcmblocksize=0, loopstart=0, loopend=0, mode=0x00000000, channelmask=0x00000000, channelorder=0, peakvolume=0.501187.
[LOG] SystemI::createSoundInternal             : Create name='', mode=0x02000202
[LOG] SystemI::createSoundInternal             : exinfo->cbsize             = 224
[LOG] SystemI::createSoundInternal             : exinfo->length             = 18424832
[LOG] SystemI::createSoundInternal             : exinfo->fileoffset         = 58304
[LOG] SystemI::createSoundInternal             : exinfo->numsubsounds       = 1
[LOG] SystemI::createSoundInternal             : exinfo->inclusionlist      = 000000E2CB39F008
[LOG] SystemI::createSoundInternal             : exinfo->inclusionlistnum   = 1
[LOG] SystemI::createSoundInternal             : exinfo->suggestedsoundtype = 5
[LOG] SystemI::createSoundInternal             : exinfo->useropen           = 00007FFC0FD13F70
[LOG] SystemI::createSoundInternal             : exinfo->userclose          = 00007FFC0FD13F30
[LOG] SystemI::createSoundInternal             : exinfo->userread           = 00007FFC0FD14050
[LOG] SystemI::createSoundInternal             : exinfo->userseek           = 00007FFC0FD14110
[LOG] SystemI::createSoundInternal             : exinfo->fileuserdata       = 0000029F2DE3AC18
[LOG] SystemI::createSoundInternal             : exinfo->initialseekpostype = 1
[LOG] SystemI::createSoundInternal             : Sample 0/1: name='Puzzle_Down', format=2, channels=2, frequency=48000, lengthbytes=48064, lengthpcm=12000, pcmblocksize=0, loopstart=0, loopend=0, mode=0x00000000, channelmask=0x00000000, channelorder=0, peakvolume=0.501187.
[LOG] SystemI::createSoundInternal             : Create name='', mode=0x02000202
[LOG] SystemI::createSoundInternal             : exinfo->cbsize             = 224
[LOG] SystemI::createSoundInternal             : exinfo->length             = 18424832
[LOG] SystemI::createSoundInternal             : exinfo->fileoffset         = 58304
[LOG] SystemI::createSoundInternal             : exinfo->numsubsounds       = 1
[LOG] SystemI::createSoundInternal             : exinfo->inclusionlist      = 000000E2CB39F008
[LOG] SystemI::createSoundInternal             : exinfo->inclusionlistnum   = 1
[LOG] SystemI::createSoundInternal             : exinfo->suggestedsoundtype = 5
[LOG] SystemI::createSoundInternal             : exinfo->useropen           = 00007FFC0FD13F70
[LOG] SystemI::createSoundInternal             : exinfo->userclose          = 00007FFC0FD13F30
[LOG] SystemI::createSoundInternal             : exinfo->userread           = 00007FFC0FD14050
[LOG] SystemI::createSoundInternal             : exinfo->userseek           = 00007FFC0FD14110
[LOG] SystemI::createSoundInternal             : exinfo->fileuserdata       = 0000029F2DE3AC18
[LOG] SystemI::createSoundInternal             : exinfo->initialseekpostype = 1
[LOG] SystemI::createSoundInternal             : Sample 0/1: name='Puzzle_Up', format=2, channels=2, frequency=48000, lengthbytes=48064, lengthpcm=12000, pcmblocksize=0, loopstart=0, loopend=0, mode=0x00000000, channelmask=0x00000000, channelorder=0, peakvolume=0.501187.
[LOG] SystemI::createSoundInternal             : Create name='', mode=0x02000202
[LOG] SystemI::createSoundInternal             : exinfo->cbsize             = 224
[LOG] SystemI::createSoundInternal             : exinfo->length             = 18424832
[LOG] SystemI::createSoundInternal             : exinfo->fileoffset         = 58304
[LOG] SystemI::createSoundInternal             : exinfo->numsubsounds       = 1
[LOG] SystemI::createSoundInternal             : exinfo->inclusionlist      = 000000E2CB39F008
[LOG] SystemI::createSoundInternal             : exinfo->inclusionlistnum   = 1
[LOG] SystemI::createSoundInternal             : exinfo->suggestedsoundtype = 5
[LOG] SystemI::createSoundInternal             : exinfo->useropen           = 00007FFC0FD13F70
[LOG] SystemI::createSoundInternal             : exinfo->userclose          = 00007FFC0FD13F30
[LOG] SystemI::createSoundInternal             : exinfo->userread           = 00007FFC0FD14050
[LOG] SystemI::createSoundInternal             : exinfo->userseek           = 00007FFC0FD14110
[LOG] SystemI::createSoundInternal             : exinfo->fileuserdata       = 0000029F2DE3AC18
[LOG] SystemI::createSoundInternal             : exinfo->initialseekpostype = 1
[LOG] SystemI::createSoundInternal             : Sample 0/1: name='Puzzle_Right', format=2, channels=2, frequency=48000, lengthbytes=48064, lengthpcm=12000, pcmblocksize=0, loopstart=0, loopend=0, mode=0x00000000, channelmask=0x00000000, channelorder=0, peakvolume=0.501187.
[LOG] SoundI::release                          :  (0000029FB2943E98)
[LOG] SoundI::release                          :     Puzzle_Up (0000029FD7822208)
[LOG] SoundI::release                          :  (0000029FB2944FD8)
[LOG] SoundI::release                          :     Puzzle_Left (0000029FD781D5A8)
[LOG] SoundI::release                          :  (0000029FD6E66758)
[LOG] SoundI::release                          :     Puzzle_Right (0000029FD781FCA8)
[LOG] SoundI::release                          :  (0000029FB2945598)
[LOG] SoundI::release                          :     Puzzle_Down (0000029FD781D8E8)
[LOG] SystemI::createSoundInternal             : Create name='', mode=0x02000202
[LOG] SystemI::createSoundInternal             : exinfo->cbsize             = 224
[LOG] SystemI::createSoundInternal             : exinfo->length             = 18424832
[LOG] SystemI::createSoundInternal             : exinfo->fileoffset         = 58304
[LOG] SystemI::createSoundInternal             : exinfo->numsubsounds       = 1
[LOG] SystemI::createSoundInternal             : exinfo->inclusionlist      = 000000E2CB39F008
[LOG] SystemI::createSoundInternal             : exinfo->inclusionlistnum   = 1
[LOG] SystemI::createSoundInternal             : exinfo->suggestedsoundtype = 5
[LOG] SystemI::createSoundInternal             : exinfo->useropen           = 00007FFC0FD13F70
[LOG] SystemI::createSoundInternal             : exinfo->userclose          = 00007FFC0FD13F30
[LOG] SystemI::createSoundInternal             : exinfo->userread           = 00007FFC0FD14050
[LOG] SystemI::createSoundInternal             : exinfo->userseek           = 00007FFC0FD14110
[LOG] SystemI::createSoundInternal             : exinfo->fileuserdata       = 0000029F2DE3AC18
[LOG] SystemI::createSoundInternal             : exinfo->initialseekpostype = 1
[LOG] SystemI::createSoundInternal             : Sample 0/1: name='Puzzle_Left', format=2, channels=2, frequency=48000, lengthbytes=48064, lengthpcm=12000, pcmblocksize=0, loopstart=0, loopend=0, mode=0x00000000, channelmask=0x00000000, channelorder=0, peakvolume=0.501187.
[LOG] SystemI::createSoundInternal             : Create name='', mode=0x02000202
[LOG] SystemI::createSoundInternal             : exinfo->cbsize             = 224
[LOG] SystemI::createSoundInternal             : exinfo->length             = 18424832
[LOG] SystemI::createSoundInternal             : exinfo->fileoffset         = 58304
[LOG] SystemI::createSoundInternal             : exinfo->numsubsounds       = 1
[LOG] SystemI::createSoundInternal             : exinfo->inclusionlist      = 000000E2CB39F008
[LOG] SystemI::createSoundInternal             : exinfo->inclusionlistnum   = 1
[LOG] SystemI::createSoundInternal             : exinfo->suggestedsoundtype = 5
[LOG] SystemI::createSoundInternal             : exinfo->useropen           = 00007FFC0FD13F70
[LOG] SystemI::createSoundInternal             : exinfo->userclose          = 00007FFC0FD13F30
[LOG] SystemI::createSoundInternal             : exinfo->userread           = 00007FFC0FD14050
[LOG] SystemI::createSoundInternal             : exinfo->userseek           = 00007FFC0FD14110
[LOG] SystemI::createSoundInternal             : exinfo->fileuserdata       = 0000029F2DE3AC18
[LOG] SystemI::createSoundInternal             : exinfo->initialseekpostype = 1
[LOG] SystemI::createSoundInternal             : Sample 0/1: name='Puzzle_Down', format=2, channels=2, frequency=48000, lengthbytes=48064, lengthpcm=12000, pcmblocksize=0, loopstart=0, loopend=0, mode=0x00000000, channelmask=0x00000000, channelorder=0, peakvolume=0.501187.
[LOG] SystemI::createSoundInternal             : Create name='', mode=0x02000202
[LOG] SystemI::createSoundInternal             : exinfo->cbsize             = 224
[LOG] SystemI::createSoundInternal             : exinfo->length             = 18424832
[LOG] SystemI::createSoundInternal             : exinfo->fileoffset         = 58304
[LOG] SystemI::createSoundInternal             : exinfo->numsubsounds       = 1
[LOG] SystemI::createSoundInternal             : exinfo->inclusionlist      = 000000E2CB39F008
[LOG] SystemI::createSoundInternal             : exinfo->inclusionlistnum   = 1
[LOG] SystemI::createSoundInternal             : exinfo->suggestedsoundtype = 5
[LOG] SystemI::createSoundInternal             : exinfo->useropen           = 00007FFC0FD13F70
[LOG] SystemI::createSoundInternal             : exinfo->userclose          = 00007FFC0FD13F30
[LOG] SystemI::createSoundInternal             : exinfo->userread           = 00007FFC0FD14050
[LOG] SystemI::createSoundInternal             : exinfo->userseek           = 00007FFC0FD14110
[LOG] SystemI::createSoundInternal             : exinfo->fileuserdata       = 0000029F2DE3AC18
[LOG] SystemI::createSoundInternal             : exinfo->initialseekpostype = 1
[LOG] SystemI::createSoundInternal             : Sample 0/1: name='Puzzle_Up', format=2, channels=2, frequency=48000, lengthbytes=48064, lengthpcm=12000, pcmblocksize=0, loopstart=0, loopend=0, mode=0x00000000, channelmask=0x00000000, channelorder=0, peakvolume=0.501187.
[LOG] SystemI::createSoundInternal             : Create name='', mode=0x02000202
[LOG] SystemI::createSoundInternal             : exinfo->cbsize             = 224
[LOG] SystemI::createSoundInternal             : exinfo->length             = 18424832
[LOG] SystemI::createSoundInternal             : exinfo->fileoffset         = 58304
[LOG] SystemI::createSoundInternal             : exinfo->numsubsounds       = 1
[LOG] SystemI::createSoundInternal             : exinfo->inclusionlist      = 000000E2CB39F008
[LOG] SystemI::createSoundInternal             : exinfo->inclusionlistnum   = 1
[LOG] SystemI::createSoundInternal             : exinfo->suggestedsoundtype = 5
[LOG] SystemI::createSoundInternal             : exinfo->useropen           = 00007FFC0FD13F70
[LOG] SystemI::createSoundInternal             : exinfo->userclose          = 00007FFC0FD13F30
[LOG] SystemI::createSoundInternal             : exinfo->userread           = 00007FFC0FD14050
[LOG] SystemI::createSoundInternal             : exinfo->userseek           = 00007FFC0FD14110
[LOG] SystemI::createSoundInternal             : exinfo->fileuserdata       = 0000029F2DE3AC18
[LOG] SystemI::createSoundInternal             : exinfo->initialseekpostype = 1
[LOG] SystemI::createSoundInternal             : Sample 0/1: name='Puzzle_Right', format=2, channels=2, frequency=48000, lengthbytes=48064, lengthpcm=12000, pcmblocksize=0, loopstart=0, loopend=0, mode=0x00000000, channelmask=0x00000000, channelorder=0, peakvolume=0.501187.
[LOG] SoundI::release                          :  (0000029FB2944FD8)
[LOG] SoundI::release                          :     Puzzle_Up (0000029FD781EAC8)
[LOG] SoundI::release                          :  (0000029FD6E66758)
[LOG] SoundI::release                          :     Puzzle_Left (0000029FD781E928)
[LOG] SoundI::release                          :  (0000029FB2943E98)
[LOG] SoundI::release                          :     Puzzle_Right (0000029FD781D748)
[LOG] SoundI::release                          :  (0000029FD6E66BA8)
[LOG] SoundI::release                          :     Puzzle_Down (0000029FD78223A8)
[LOG] SystemI::createSoundInternal             : Create name='', mode=0x02000202
[LOG] SystemI::createSoundInternal             : exinfo->cbsize             = 224
[LOG] SystemI::createSoundInternal             : exinfo->length             = 18424832
[LOG] SystemI::createSoundInternal             : exinfo->fileoffset         = 58304
[LOG] SystemI::createSoundInternal             : exinfo->numsubsounds       = 1
[LOG] SystemI::createSoundInternal             : exinfo->inclusionlist      = 000000E2CB39F008
[LOG] SystemI::createSoundInternal             : exinfo->inclusionlistnum   = 1
[LOG] SystemI::createSoundInternal             : exinfo->suggestedsoundtype = 5
[LOG] SystemI::createSoundInternal             : exinfo->useropen           = 00007FFC0FD13F70
[LOG] SystemI::createSoundInternal             : exinfo->userclose          = 00007FFC0FD13F30
[LOG] SystemI::createSoundInternal             : exinfo->userread           = 00007FFC0FD14050
[LOG] SystemI::createSoundInternal             : exinfo->userseek           = 00007FFC0FD14110
[LOG] SystemI::createSoundInternal             : exinfo->fileuserdata       = 0000029F2DE3AC18
[LOG] SystemI::createSoundInternal             : exinfo->initialseekpostype = 1
[LOG] SystemI::createSoundInternal             : Sample 0/1: name='Puzzle_Left', format=2, channels=2, frequency=48000, lengthbytes=48064, lengthpcm=12000, pcmblocksize=0, loopstart=0, loopend=0, mode=0x00000000, channelmask=0x00000000, channelorder=0, peakvolume=0.501187.
[LOG] SystemI::createSoundInternal             : Create name='', mode=0x02000202
[LOG] SystemI::createSoundInternal             : exinfo->cbsize             = 224
[LOG] SystemI::createSoundInternal             : exinfo->length             = 18424832
[LOG] SystemI::createSoundInternal             : exinfo->fileoffset         = 58304
[LOG] SystemI::createSoundInternal             : exinfo->numsubsounds       = 1
[LOG] SystemI::createSoundInternal             : exinfo->inclusionlist      = 000000E2CB39F008
[LOG] SystemI::createSoundInternal             : exinfo->inclusionlistnum   = 1
[LOG] SystemI::createSoundInternal             : exinfo->suggestedsoundtype = 5
[LOG] SystemI::createSoundInternal             : exinfo->useropen           = 00007FFC0FD13F70
[LOG] SystemI::createSoundInternal             : exinfo->userclose          = 00007FFC0FD13F30
[LOG] SystemI::createSoundInternal             : exinfo->userread           = 00007FFC0FD14050
[LOG] SystemI::createSoundInternal             : exinfo->userseek           = 00007FFC0FD14110
[LOG] SystemI::createSoundInternal             : exinfo->fileuserdata       = 0000029F2DE3AC18
[LOG] SystemI::createSoundInternal             : exinfo->initialseekpostype = 1
[LOG] SystemI::createSoundInternal             : Sample 0/1: name='Puzzle_Down', format=2, channels=2, frequency=48000, lengthbytes=48064, lengthpcm=12000, pcmblocksize=0, loopstart=0, loopend=0, mode=0x00000000, channelmask=0x00000000, channelorder=0, peakvolume=0.501187.
[LOG] SystemI::createSoundInternal             : Create name='', mode=0x02000202
[LOG] SystemI::createSoundInternal             : exinfo->cbsize             = 224
[LOG] SystemI::createSoundInternal             : exinfo->length             = 18424832
[LOG] SystemI::createSoundInternal             : exinfo->fileoffset         = 58304
[LOG] SystemI::createSoundInternal             : exinfo->numsubsounds       = 1
[LOG] SystemI::createSoundInternal             : exinfo->inclusionlist      = 000000E2CB39F008
[LOG] SystemI::createSoundInternal             : exinfo->inclusionlistnum   = 1
[LOG] SystemI::createSoundInternal             : exinfo->suggestedsoundtype = 5
[LOG] SystemI::createSoundInternal             : exinfo->useropen           = 00007FFC0FD13F70
[LOG] SystemI::createSoundInternal             : exinfo->userclose          = 00007FFC0FD13F30
[LOG] SystemI::createSoundInternal             : exinfo->userread           = 00007FFC0FD14050
[LOG] SystemI::createSoundInternal             : exinfo->userseek           = 00007FFC0FD14110
[LOG] SystemI::createSoundInternal             : exinfo->fileuserdata       = 0000029F2DE3AC18
[LOG] SystemI::createSoundInternal             : exinfo->initialseekpostype = 1
[LOG] SystemI::createSoundInternal             : Sample 0/1: name='Puzzle_Up', format=2, channels=2, frequency=48000, lengthbytes=48064, lengthpcm=12000, pcmblocksize=0, loopstart=0, loopend=0, mode=0x00000000, channelmask=0x00000000, channelorder=0, peakvolume=0.501187.
[LOG] SystemI::createSoundInternal             : Create name='', mode=0x02000202
[LOG] SystemI::createSoundInternal             : exinfo->cbsize             = 224
[LOG] SystemI::createSoundInternal             : exinfo->length             = 18424832
[LOG] SystemI::createSoundInternal             : exinfo->fileoffset         = 58304
[LOG] SystemI::createSoundInternal             : exinfo->numsubsounds       = 1
[LOG] SystemI::createSoundInternal             : exinfo->inclusionlist      = 000000E2CB39F008
[LOG] SystemI::createSoundInternal             : exinfo->inclusionlistnum   = 1
[LOG] SystemI::createSoundInternal             : exinfo->suggestedsoundtype = 5
[LOG] SystemI::createSoundInternal             : exinfo->useropen           = 00007FFC0FD13F70
[LOG] SystemI::createSoundInternal             : exinfo->userclose          = 00007FFC0FD13F30
[LOG] SystemI::createSoundInternal             : exinfo->userread           = 00007FFC0FD14050
[LOG] SystemI::createSoundInternal             : exinfo->userseek           = 00007FFC0FD14110
[LOG] SystemI::createSoundInternal             : exinfo->fileuserdata       = 0000029F2DE3AC18
[LOG] SystemI::createSoundInternal             : exinfo->initialseekpostype = 1
[LOG] SystemI::createSoundInternal             : Sample 0/1: name='Puzzle_Right', format=2, channels=2, frequency=48000, lengthbytes=48064, lengthpcm=12000, pcmblocksize=0, loopstart=0, loopend=0, mode=0x00000000, channelmask=0x00000000, channelorder=0, peakvolume=0.501187.
[LOG] SoundI::release                          :  (0000029FB2945598)
[LOG] SoundI::release                          :     Puzzle_Up (0000029FD7822888)
[LOG] SoundI::release                          :  (0000029FB2944FD8)
[LOG] SoundI::release                          :     Puzzle_Left (0000029FD781CF28)
[LOG] SoundI::release                          :  (0000029FD6E66758)
[LOG] SoundI::release                          :     Puzzle_Right (0000029FD78204C8)
[LOG] SoundI::release                          :  (0000029FB2943E98)
[LOG] SoundI::release                          :     Puzzle_Down (0000029FD781CD88)
[LOG] SystemI::createSoundInternal             : Create name='', mode=0x02000202
[LOG] SystemI::createSoundInternal             : exinfo->cbsize             = 224
[LOG] SystemI::createSoundInternal             : exinfo->length             = 18424832
[LOG] SystemI::createSoundInternal             : exinfo->fileoffset         = 58304
[LOG] SystemI::createSoundInternal             : exinfo->numsubsounds       = 1
[LOG] SystemI::createSoundInternal             : exinfo->inclusionlist      = 000000E2CB39F008
[LOG] SystemI::createSoundInternal             : exinfo->inclusionlistnum   = 1
[LOG] SystemI::createSoundInternal             : exinfo->suggestedsoundtype = 5
[LOG] SystemI::createSoundInternal             : exinfo->useropen           = 00007FFC0FD13F70
[LOG] SystemI::createSoundInternal             : exinfo->userclose          = 00007FFC0FD13F30
[LOG] SystemI::createSoundInternal             : exinfo->userread           = 00007FFC0FD14050
[LOG] SystemI::createSoundInternal             : exinfo->userseek           = 00007FFC0FD14110
[LOG] SystemI::createSoundInternal             : exinfo->fileuserdata       = 0000029FB2997088
[LOG] SystemI::createSoundInternal             : exinfo->initialseekpostype = 1
[LOG] SystemI::createSoundInternal             : Sample 0/1: name='Puzzle_Left', format=2, channels=2, frequency=48000, lengthbytes=48064, lengthpcm=12000, pcmblocksize=0, loopstart=0, loopend=0, mode=0x00000000, channelmask=0x00000000, channelorder=0, peakvolume=0.501187.
[LOG] SystemI::createSoundInternal             : Create name='', mode=0x02000202
[LOG] SystemI::createSoundInternal             : exinfo->cbsize             = 224
[LOG] SystemI::createSoundInternal             : exinfo->length             = 18424832
[LOG] SystemI::createSoundInternal             : exinfo->fileoffset         = 58304
[LOG] SystemI::createSoundInternal             : exinfo->numsubsounds       = 1
[LOG] SystemI::createSoundInternal             : exinfo->inclusionlist      = 000000E2CB39F008
[LOG] SystemI::createSoundInternal             : exinfo->inclusionlistnum   = 1
[LOG] SystemI::createSoundInternal             : exinfo->suggestedsoundtype = 5
[LOG] SystemI::createSoundInternal             : exinfo->useropen           = 00007FFC0FD13F70
[LOG] SystemI::createSoundInternal             : exinfo->userclose          = 00007FFC0FD13F30
[LOG] SystemI::createSoundInternal             : exinfo->userread           = 00007FFC0FD14050
[LOG] SystemI::createSoundInternal             : exinfo->userseek           = 00007FFC0FD14110
[LOG] SystemI::createSoundInternal             : exinfo->fileuserdata       = 0000029FB2997088
[LOG] SystemI::createSoundInternal             : exinfo->initialseekpostype = 1
[LOG] SystemI::createSoundInternal             : Sample 0/1: name='Puzzle_Down', format=2, channels=2, frequency=48000, lengthbytes=48064, lengthpcm=12000, pcmblocksize=0, loopstart=0, loopend=0, mode=0x00000000, channelmask=0x00000000, channelorder=0, peakvolume=0.501187.
[LOG] SystemI::createSoundInternal             : Create name='', mode=0x02000202
[LOG] SystemI::createSoundInternal             : exinfo->cbsize             = 224
[LOG] SystemI::createSoundInternal             : exinfo->length             = 18424832
[LOG] SystemI::createSoundInternal             : exinfo->fileoffset         = 58304
[LOG] SystemI::createSoundInternal             : exinfo->numsubsounds       = 1
[LOG] SystemI::createSoundInternal             : exinfo->inclusionlist      = 000000E2CB39F008
[LOG] SystemI::createSoundInternal             : exinfo->inclusionlistnum   = 1
[LOG] SystemI::createSoundInternal             : exinfo->suggestedsoundtype = 5
[LOG] SystemI::createSoundInternal             : exinfo->useropen           = 00007FFC0FD13F70
[LOG] SystemI::createSoundInternal             : exinfo->userclose          = 00007FFC0FD13F30
[LOG] SystemI::createSoundInternal             : exinfo->userread           = 00007FFC0FD14050
[LOG] SystemI::createSoundInternal             : exinfo->userseek           = 00007FFC0FD14110
[LOG] SystemI::createSoundInternal             : exinfo->fileuserdata       = 0000029FB2997088
[LOG] SystemI::createSoundInternal             : exinfo->initialseekpostype = 1
[LOG] SystemI::createSoundInternal             : Sample 0/1: name='Puzzle_Up', format=2, channels=2, frequency=48000, lengthbytes=48064, lengthpcm=12000, pcmblocksize=0, loopstart=0, loopend=0, mode=0x00000000, channelmask=0x00000000, channelorder=0, peakvolume=0.501187.
[LOG] SystemI::createSoundInternal             : Create name='', mode=0x02000202
[LOG] SystemI::createSoundInternal             : exinfo->cbsize             = 224
[LOG] SystemI::createSoundInternal             : exinfo->length             = 18424832
[LOG] SystemI::createSoundInternal             : exinfo->fileoffset         = 58304
[LOG] SystemI::createSoundInternal             : exinfo->numsubsounds       = 1
[LOG] SystemI::createSoundInternal             : exinfo->inclusionlist      = 000000E2CB39F008
[LOG] SystemI::createSoundInternal             : exinfo->inclusionlistnum   = 1
[LOG] SystemI::createSoundInternal             : exinfo->suggestedsoundtype = 5
[LOG] SystemI::createSoundInternal             : exinfo->useropen           = 00007FFC0FD13F70
[LOG] SystemI::createSoundInternal             : exinfo->userclose          = 00007FFC0FD13F30
[LOG] SystemI::createSoundInternal             : exinfo->userread           = 00007FFC0FD14050
[LOG] SystemI::createSoundInternal             : exinfo->userseek           = 00007FFC0FD14110
[LOG] SystemI::createSoundInternal             : exinfo->fileuserdata       = 0000029FB2997088
[LOG] SystemI::createSoundInternal             : exinfo->initialseekpostype = 1
[LOG] SystemI::createSoundInternal             : Sample 0/1: name='Puzzle_Right', format=2, channels=2, frequency=48000, lengthbytes=48064, lengthpcm=12000, pcmblocksize=0, loopstart=0, loopend=0, mode=0x00000000, channelmask=0x00000000, channelorder=0, peakvolume=0.501187.
[LOG] SoundI::release                          :  (0000029FB2944FD8)
[LOG] SoundI::release                          :     Puzzle_Up (0000029FD781EE08)
[LOG] SoundI::release                          :  (0000029FB2945598)
[LOG] SoundI::release                          :     Puzzle_Left (0000029FD781D5A8)
[LOG] SoundI::release                          :  (0000029FD6E66758)
[LOG] SoundI::release                          :     Puzzle_Right (0000029FD7820328)
[LOG] SoundI::release                          :  (0000029FB2943E98)
[LOG] SoundI::release                          :     Puzzle_Down (0000029FD7822D68)
[LOG] SystemI::createSoundInternal             : Create name='', mode=0x02000202
[LOG] SystemI::createSoundInternal             : exinfo->cbsize             = 224
[LOG] SystemI::createSoundInternal             : exinfo->length             = 18424832
[LOG] SystemI::createSoundInternal             : exinfo->fileoffset         = 58304
[LOG] SystemI::createSoundInternal             : exinfo->numsubsounds       = 1
[LOG] SystemI::createSoundInternal             : exinfo->inclusionlist      = 000000E2CB39F008
[LOG] SystemI::createSoundInternal             : exinfo->inclusionlistnum   = 1
[LOG] SystemI::createSoundInternal             : exinfo->suggestedsoundtype = 5
[LOG] SystemI::createSoundInternal             : exinfo->useropen           = 00007FFC0FD13F70
[LOG] SystemI::createSoundInternal             : exinfo->userclose          = 00007FFC0FD13F30
[LOG] SystemI::createSoundInternal             : exinfo->userread           = 00007FFC0FD14050
[LOG] SystemI::createSoundInternal             : exinfo->userseek           = 00007FFC0FD14110
[LOG] SystemI::createSoundInternal             : exinfo->fileuserdata       = 0000029FB2996A58
[LOG] SystemI::createSoundInternal             : exinfo->initialseekpostype = 1
[LOG] SystemI::createSoundInternal             : Sample 0/1: name='Puzzle_Left', format=2, channels=2, frequency=48000, lengthbytes=48064, lengthpcm=12000, pcmblocksize=0, loopstart=0, loopend=0, mode=0x00000000, channelmask=0x00000000, channelorder=0, peakvolume=0.501187.
[LOG] SystemI::createSoundInternal             : Create name='', mode=0x02000202
[LOG] SystemI::createSoundInternal             : exinfo->cbsize             = 224
[LOG] SystemI::createSoundInternal             : exinfo->length             = 18424832
[LOG] SystemI::createSoundInternal             : exinfo->fileoffset         = 58304
[LOG] SystemI::createSoundInternal             : exinfo->numsubsounds       = 1
[LOG] SystemI::createSoundInternal             : exinfo->inclusionlist      = 000000E2CB39F008
[LOG] SystemI::createSoundInternal             : exinfo->inclusionlistnum   = 1
[LOG] SystemI::createSoundInternal             : exinfo->suggestedsoundtype = 5
[LOG] SystemI::createSoundInternal             : exinfo->useropen           = 00007FFC0FD13F70
[LOG] SystemI::createSoundInternal             : exinfo->userclose          = 00007FFC0FD13F30
[LOG] SystemI::createSoundInternal             : exinfo->userread           = 00007FFC0FD14050
[LOG] SystemI::createSoundInternal             : exinfo->userseek           = 00007FFC0FD14110
[LOG] SystemI::createSoundInternal             : exinfo->fileuserdata       = 0000029FB2996A58
[LOG] SystemI::createSoundInternal             : exinfo->initialseekpostype = 1
[LOG] SystemI::createSoundInternal             : Sample 0/1: name='Puzzle_Down', format=2, channels=2, frequency=48000, lengthbytes=48064, lengthpcm=12000, pcmblocksize=0, loopstart=0, loopend=0, mode=0x00000000, channelmask=0x00000000, channelorder=0, peakvolume=0.501187.
[LOG] SystemI::createSoundInternal             : Create name='', mode=0x02000202
[LOG] SystemI::createSoundInternal             : exinfo->cbsize             = 224
[LOG] SystemI::createSoundInternal             : exinfo->length             = 18424832
[LOG] SystemI::createSoundInternal             : exinfo->fileoffset         = 58304
[LOG] SystemI::createSoundInternal             : exinfo->numsubsounds       = 1
[LOG] SystemI::createSoundInternal             : exinfo->inclusionlist      = 000000E2CB39F008
[LOG] SystemI::createSoundInternal             : exinfo->inclusionlistnum   = 1
[LOG] SystemI::createSoundInternal             : exinfo->suggestedsoundtype = 5
[LOG] SystemI::createSoundInternal             : exinfo->useropen           = 00007FFC0FD13F70
[LOG] SystemI::createSoundInternal             : exinfo->userclose          = 00007FFC0FD13F30
[LOG] SystemI::createSoundInternal             : exinfo->userread           = 00007FFC0FD14050
[LOG] SystemI::createSoundInternal             : exinfo->userseek           = 00007FFC0FD14110
[LOG] SystemI::createSoundInternal             : exinfo->fileuserdata       = 0000029FB2996A58
[LOG] SystemI::createSoundInternal             : exinfo->initialseekpostype = 1
[LOG] SystemI::createSoundInternal             : Sample 0/1: name='Puzzle_Up', format=2, channels=2, frequency=48000, lengthbytes=48064, lengthpcm=12000, pcmblocksize=0, loopstart=0, loopend=0, mode=0x00000000, channelmask=0x00000000, channelorder=0, peakvolume=0.501187.
[LOG] SystemI::createSoundInternal             : Create name='', mode=0x02000202
[LOG] SystemI::createSoundInternal             : exinfo->cbsize             = 224
[LOG] SystemI::createSoundInternal             : exinfo->length             = 18424832
[LOG] SystemI::createSoundInternal             : exinfo->fileoffset         = 58304
[LOG] SystemI::createSoundInternal             : exinfo->numsubsounds       = 1
[LOG] SystemI::createSoundInternal             : exinfo->inclusionlist      = 000000E2CB39F008
[LOG] SystemI::createSoundInternal             : exinfo->inclusionlistnum   = 1
[LOG] SystemI::createSoundInternal             : exinfo->suggestedsoundtype = 5
[LOG] SystemI::createSoundInternal             : exinfo->useropen           = 00007FFC0FD13F70
[LOG] SystemI::createSoundInternal             : exinfo->userclose          = 00007FFC0FD13F30
[LOG] SystemI::createSoundInternal             : exinfo->userread           = 00007FFC0FD14050
[LOG] SystemI::createSoundInternal             : exinfo->userseek           = 00007FFC0FD14110
[LOG] SystemI::createSoundInternal             : exinfo->fileuserdata       = 0000029FB2996A58
[LOG] SystemI::createSoundInternal             : exinfo->initialseekpostype = 1
[LOG] SystemI::createSoundInternal             : Sample 0/1: name='Puzzle_Right', format=2, channels=2, frequency=48000, lengthbytes=48064, lengthpcm=12000, pcmblocksize=0, loopstart=0, loopend=0, mode=0x00000000, channelmask=0x00000000, channelorder=0, peakvolume=0.501187.
[LOG] SoundI::release                          :  (0000029FB2944FD8)
[LOG] SoundI::release                          :     Puzzle_Up (0000029FD781F968)
[LOG] SoundI::release                          :  (0000029FB2949548)
[LOG] SoundI::release                          :     Puzzle_Left (0000029FD78211C8)
[LOG] SoundI::release                          :  (0000029FB2943E98)
[LOG] SoundI::release                          :     Puzzle_Right (0000029FD7820CE8)
[LOG] SoundI::release                          :  (0000029FB2945598)
[LOG] SoundI::release                          :     Puzzle_Down (0000029FD7820808)
[LOG] SystemI::createSoundInternal             : Create name='', mode=0x02000202
[LOG] SystemI::createSoundInternal             : exinfo->cbsize             = 224
[LOG] SystemI::createSoundInternal             : exinfo->length             = 18424832
[LOG] SystemI::createSoundInternal             : exinfo->fileoffset         = 58304
[LOG] SystemI::createSoundInternal             : exinfo->numsubsounds       = 1
[LOG] SystemI::createSoundInternal             : exinfo->inclusionlist      = 000000E2CB39F008
[LOG] SystemI::createSoundInternal             : exinfo->inclusionlistnum   = 1
[LOG] SystemI::createSoundInternal             : exinfo->suggestedsoundtype = 5
[LOG] SystemI::createSoundInternal             : exinfo->useropen           = 00007FFC0FD13F70
[LOG] SystemI::createSoundInternal             : exinfo->userclose          = 00007FFC0FD13F30
[LOG] SystemI::createSoundInternal             : exinfo->userread           = 00007FFC0FD14050
[LOG] SystemI::createSoundInternal             : exinfo->userseek           = 00007FFC0FD14110
[LOG] SystemI::createSoundInternal             : exinfo->fileuserdata       = 0000029FB2BB4658
[LOG] SystemI::createSoundInternal             : exinfo->initialseekpostype = 1
[WRN] File::open                               : File offset: 58304 + length: 18424832 > actual file size 18481440, truncating length.
[LOG] SystemI::createSoundInternal             : Sample 0/1: name='Dog_Bark_1', format=2, channels=2, frequency=48000, lengthbytes=240064, lengthpcm=60000, pcmblocksize=0, loopstart=0, loopend=0, mode=0x00000000, channelmask=0x00000000, channelorder=0, peakvolume=0.501186.
[LOG] SystemI::createSoundInternal             : Create name='', mode=0x02000202
[LOG] SystemI::createSoundInternal             : exinfo->cbsize             = 224
[LOG] SystemI::createSoundInternal             : exinfo->length             = 18424832
[LOG] SystemI::createSoundInternal             : exinfo->fileoffset         = 58304
[LOG] SystemI::createSoundInternal             : exinfo->numsubsounds       = 1
[LOG] SystemI::createSoundInternal             : exinfo->inclusionlist      = 000000E2CB39F008
[LOG] SystemI::createSoundInternal             : exinfo->inclusionlistnum   = 1
[LOG] SystemI::createSoundInternal             : exinfo->suggestedsoundtype = 5
[LOG] SystemI::createSoundInternal             : exinfo->useropen           = 00007FFC0FD13F70
[LOG] SystemI::createSoundInternal             : exinfo->userclose          = 00007FFC0FD13F30
[LOG] SystemI::createSoundInternal             : exinfo->userread           = 00007FFC0FD14050
[LOG] SystemI::createSoundInternal             : exinfo->userseek           = 00007FFC0FD14110
[LOG] SystemI::createSoundInternal             : exinfo->fileuserdata       = 0000029FB2BB4658
[LOG] SystemI::createSoundInternal             : exinfo->initialseekpostype = 1
[WRN] File::open                               : File offset: 58304 + length: 18424832 > actual file size 18481440, truncating length.
[LOG] SystemI::createSoundInternal             : Sample 0/1: name='Dog_Bark_2', format=2, channels=2, frequency=48000, lengthbytes=240064, lengthpcm=60000, pcmblocksize=0, loopstart=0, loopend=0, mode=0x00000000, channelmask=0x00000000, channelorder=0, peakvolume=0.501186.
[LOG] SoundI::release                          :  (0000029FB2945708)
[LOG] SoundI::release                          :     Puzzle_Win (0000029FD781F7C8)
[LOG] SoundI::release                          :  (0000029FE6040BB8)
[LOG] SoundI::release                          :     Dog_Bark_1 (0000029FD78204C8)
[LOG] SystemI::createSoundInternal             : Create name='', mode=0x02000202
[LOG] SystemI::createSoundInternal             : exinfo->cbsize             = 224
[LOG] SystemI::createSoundInternal             : exinfo->length             = 18424832
[LOG] SystemI::createSoundInternal             : exinfo->fileoffset         = 58304
[LOG] SystemI::createSoundInternal             : exinfo->numsubsounds       = 1
[LOG] SystemI::createSoundInternal             : exinfo->inclusionlist      = 000000E2CB39F008
[LOG] SystemI::createSoundInternal             : exinfo->inclusionlistnum   = 1
[LOG] SystemI::createSoundInternal             : exinfo->suggestedsoundtype = 5
[LOG] SystemI::createSoundInternal             : exinfo->useropen           = 00007FFC0FD13F70
[LOG] SystemI::createSoundInternal             : exinfo->userclose          = 00007FFC0FD13F30
[LOG] SystemI::createSoundInternal             : exinfo->userread           = 00007FFC0FD14050
[LOG] SystemI::createSoundInternal             : exinfo->userseek           = 00007FFC0FD14110
[LOG] SystemI::createSoundInternal             : exinfo->fileuserdata       = 0000029FB2BB4658
[LOG] SystemI::createSoundInternal             : exinfo->initialseekpostype = 1
[WRN] File::open                               : File offset: 58304 + length: 18424832 > actual file size 18481440, truncating length.
[LOG] SystemI::createSoundInternal             : Sample 0/1: name='Dog_Bark_1', format=2, channels=2, frequency=48000, lengthbytes=240064, lengthpcm=60000, pcmblocksize=0, loopstart=0, loopend=0, mode=0x00000000, channelmask=0x00000000, channelorder=0, peakvolume=0.501186.
[LOG] SoundI::release                          :  (0000029FE6040E98)
[LOG] SoundI::release                          :     Dog_Bark_1 (0000029FD781F7C8)
[LOG] SystemI::createSoundInternal             : Create name='', mode=0x02000202
[LOG] SystemI::createSoundInternal             : exinfo->cbsize             = 224
[LOG] SystemI::createSoundInternal             : exinfo->length             = 18424832
[LOG] SystemI::createSoundInternal             : exinfo->fileoffset         = 58304
[LOG] SystemI::createSoundInternal             : exinfo->numsubsounds       = 1
[LOG] SystemI::createSoundInternal             : exinfo->inclusionlist      = 000000E2CB39F008
[LOG] SystemI::createSoundInternal             : exinfo->inclusionlistnum   = 1
[LOG] SystemI::createSoundInternal             : exinfo->suggestedsoundtype = 5
[LOG] SystemI::createSoundInternal             : exinfo->useropen           = 00007FFC0FD13F70
[LOG] SystemI::createSoundInternal             : exinfo->userclose          = 00007FFC0FD13F30
[LOG] SystemI::createSoundInternal             : exinfo->userread           = 00007FFC0FD14050
[LOG] SystemI::createSoundInternal             : exinfo->userseek           = 00007FFC0FD14110
[LOG] SystemI::createSoundInternal             : exinfo->fileuserdata       = 0000029FB2BB2D98
[LOG] SystemI::createSoundInternal             : exinfo->initialseekpostype = 1
[WRN] File::open                               : File offset: 58304 + length: 18424832 > actual file size 18481440, truncating length.
[LOG] SystemI::createSoundInternal             : Sample 0/1: name='Dog_Bark_1', format=2, channels=2, frequency=48000, lengthbytes=240064, lengthpcm=60000, pcmblocksize=0, loopstart=0, loopend=0, mode=0x00000000, channelmask=0x00000000, channelorder=0, peakvolume=0.501186.
[LOG] SoundI::release                          :  (0000029FE6042148)
[LOG] SoundI::release                          :     Dog_Bark_1 (0000029FD7822BC8)
[LOG] SystemI::createSoundInternal             : Create name='', mode=0x02000202
[LOG] SystemI::createSoundInternal             : exinfo->cbsize             = 224
[LOG] SystemI::createSoundInternal             : exinfo->length             = 18424832
[LOG] SystemI::createSoundInternal             : exinfo->fileoffset         = 58304
[LOG] SystemI::createSoundInternal             : exinfo->numsubsounds       = 1
[LOG] SystemI::createSoundInternal             : exinfo->inclusionlist      = 000000E2CB39F008
[LOG] SystemI::createSoundInternal             : exinfo->inclusionlistnum   = 1
[LOG] SystemI::createSoundInternal             : exinfo->suggestedsoundtype = 5
[LOG] SystemI::createSoundInternal             : exinfo->useropen           = 00007FFC0FD13F70
[LOG] SystemI::createSoundInternal             : exinfo->userclose          = 00007FFC0FD13F30
[LOG] SystemI::createSoundInternal             : exinfo->userread           = 00007FFC0FD14050
[LOG] SystemI::createSoundInternal             : exinfo->userseek           = 00007FFC0FD14110
[LOG] SystemI::createSoundInternal             : exinfo->fileuserdata       = 0000029FB2BB4658
[LOG] SystemI::createSoundInternal             : exinfo->initialseekpostype = 1
[WRN] File::open                               : File offset: 58304 + length: 18424832 > actual file size 18481440, truncating length.
[LOG] SystemI::createSoundInternal             : Sample 0/1: name='Dog_Bark_1', format=2, channels=2, frequency=48000, lengthbytes=240064, lengthpcm=60000, pcmblocksize=0, loopstart=0, loopend=0, mode=0x00000000, channelmask=0x00000000, channelorder=0, peakvolume=0.501186.
[LOG] SoundI::release                          :  (0000029FE6040BB8)
[LOG] SoundI::release                          :     Dog_Bark_1 (0000029FD781FCA8)
[LOG] SystemI::createSoundInternal             : Create name='', mode=0x02000202
[LOG] SystemI::createSoundInternal             : exinfo->cbsize             = 224
[LOG] SystemI::createSoundInternal             : exinfo->length             = 18424832
[LOG] SystemI::createSoundInternal             : exinfo->fileoffset         = 58304
[LOG] SystemI::createSoundInternal             : exinfo->numsubsounds       = 1
[LOG] SystemI::createSoundInternal             : exinfo->inclusionlist      = 000000E2CB39F008
[LOG] SystemI::createSoundInternal             : exinfo->inclusionlistnum   = 1
[LOG] SystemI::createSoundInternal             : exinfo->suggestedsoundtype = 5
[LOG] SystemI::createSoundInternal             : exinfo->useropen           = 00007FFC0FD13F70
[LOG] SystemI::createSoundInternal             : exinfo->userclose          = 00007FFC0FD13F30
[LOG] SystemI::createSoundInternal             : exinfo->userread           = 00007FFC0FD14050
[LOG] SystemI::createSoundInternal             : exinfo->userseek           = 00007FFC0FD14110
[LOG] SystemI::createSoundInternal             : exinfo->fileuserdata       = 0000029FB2BB4658
[LOG] SystemI::createSoundInternal             : exinfo->initialseekpostype = 1
[WRN] File::open                               : File offset: 58304 + length: 18424832 > actual file size 18481440, truncating length.
[LOG] SystemI::createSoundInternal             : Sample 0/1: name='DogStep1', format=2, channels=1, frequency=48000, lengthbytes=12832, lengthpcm=6400, pcmblocksize=0, loopstart=0, loopend=0, mode=0x00000000, channelmask=0x00000000, channelorder=0, peakvolume=0.501187.
[LOG] SystemI::createSoundInternal             : Create name='', mode=0x02000202
[LOG] SystemI::createSoundInternal             : exinfo->cbsize             = 224
[LOG] SystemI::createSoundInternal             : exinfo->length             = 18424832
[LOG] SystemI::createSoundInternal             : exinfo->fileoffset         = 58304
[LOG] SystemI::createSoundInternal             : exinfo->numsubsounds       = 1
[LOG] SystemI::createSoundInternal             : exinfo->inclusionlist      = 000000E2CB39F008
[LOG] SystemI::createSoundInternal             : exinfo->inclusionlistnum   = 1
[LOG] SystemI::createSoundInternal             : exinfo->suggestedsoundtype = 5
[LOG] SystemI::createSoundInternal             : exinfo->useropen           = 00007FFC0FD13F70
[LOG] SystemI::createSoundInternal             : exinfo->userclose          = 00007FFC0FD13F30
[LOG] SystemI::createSoundInternal             : exinfo->userread           = 00007FFC0FD14050
[LOG] SystemI::createSoundInternal             : exinfo->userseek           = 00007FFC0FD14110
[LOG] SystemI::createSoundInternal             : exinfo->fileuserdata       = 0000029FB2BB4658
[LOG] SystemI::createSoundInternal             : exinfo->initialseekpostype = 1
[WRN] File::open                               : File offset: 58304 + length: 18424832 > actual file size 18481440, truncating length.
[LOG] SystemI::createSoundInternal             : Sample 0/1: name='DogStep4', format=2, channels=1, frequency=48000, lengthbytes=16032, lengthpcm=8000, pcmblocksize=0, loopstart=0, loopend=0, mode=0x00000000, channelmask=0x00000000, channelorder=0, peakvolume=0.501187.
[LOG] SystemI::createSoundInternal             : Create name='', mode=0x02000202
[LOG] SystemI::createSoundInternal             : exinfo->cbsize             = 224
[LOG] SystemI::createSoundInternal             : exinfo->length             = 18424832
[LOG] SystemI::createSoundInternal             : exinfo->fileoffset         = 58304
[LOG] SystemI::createSoundInternal             : exinfo->numsubsounds       = 1
[LOG] SystemI::createSoundInternal             : exinfo->inclusionlist      = 000000E2CB39F008
[LOG] SystemI::createSoundInternal             : exinfo->inclusionlistnum   = 1
[LOG] SystemI::createSoundInternal             : exinfo->suggestedsoundtype = 5
[LOG] SystemI::createSoundInternal             : exinfo->useropen           = 00007FFC0FD13F70
[LOG] SystemI::createSoundInternal             : exinfo->userclose          = 00007FFC0FD13F30
[LOG] SystemI::createSoundInternal             : exinfo->userread           = 00007FFC0FD14050
[LOG] SystemI::createSoundInternal             : exinfo->userseek           = 00007FFC0FD14110
[LOG] SystemI::createSoundInternal             : exinfo->fileuserdata       = 0000029FB2BB4658
[LOG] SystemI::createSoundInternal             : exinfo->initialseekpostype = 1
[WRN] File::open                               : File offset: 58304 + length: 18424832 > actual file size 18481440, truncating length.
[LOG] SystemI::createSoundInternal             : Sample 0/1: name='DogStep7', format=2, channels=1, frequency=48000, lengthbytes=16032, lengthpcm=8000, pcmblocksize=0, loopstart=0, loopend=0, mode=0x00000000, channelmask=0x00000000, channelorder=0, peakvolume=0.501187.
[LOG] SystemI::createSoundInternal             : Create name='', mode=0x02000202
[LOG] SystemI::createSoundInternal             : exinfo->cbsize             = 224
[LOG] SystemI::createSoundInternal             : exinfo->length             = 18424832
[LOG] SystemI::createSoundInternal             : exinfo->fileoffset         = 58304
[LOG] SystemI::createSoundInternal             : exinfo->numsubsounds       = 1
[LOG] SystemI::createSoundInternal             : exinfo->inclusionlist      = 000000E2CB39F008
[LOG] SystemI::createSoundInternal             : exinfo->inclusionlistnum   = 1
[LOG] SystemI::createSoundInternal             : exinfo->suggestedsoundtype = 5
[LOG] SystemI::createSoundInternal             : exinfo->useropen           = 00007FFC0FD13F70
[LOG] SystemI::createSoundInternal             : exinfo->userclose          = 00007FFC0FD13F30
[LOG] SystemI::createSoundInternal             : exinfo->userread           = 00007FFC0FD14050
[LOG] SystemI::createSoundInternal             : exinfo->userseek           = 00007FFC0FD14110
[LOG] SystemI::createSoundInternal             : exinfo->fileuserdata       = 0000029FB2BB4658
[LOG] SystemI::createSoundInternal             : exinfo->initialseekpostype = 1
[WRN] File::open                               : File offset: 58304 + length: 18424832 > actual file size 18481440, truncating length.
[LOG] SystemI::createSoundInternal             : Sample 0/1: name='DogStep3', format=2, channels=1, frequency=48000, lengthbytes=12832, lengthpcm=6400, pcmblocksize=0, loopstart=0, loopend=0, mode=0x00000000, channelmask=0x00000000, channelorder=0, peakvolume=0.501187.
[LOG] SystemI::createSoundInternal             : Create name='', mode=0x02000202
[LOG] SystemI::createSoundInternal             : exinfo->cbsize             = 224
[LOG] SystemI::createSoundInternal             : exinfo->length             = 18424832
[LOG] SystemI::createSoundInternal             : exinfo->fileoffset         = 58304
[LOG] SystemI::createSoundInternal             : exinfo->numsubsounds       = 1
[LOG] SystemI::createSoundInternal             : exinfo->inclusionlist      = 000000E2CB39F008
[LOG] SystemI::createSoundInternal             : exinfo->inclusionlistnum   = 1
[LOG] SystemI::createSoundInternal             : exinfo->suggestedsoundtype = 5
[LOG] SystemI::createSoundInternal             : exinfo->useropen           = 00007FFC0FD13F70
[LOG] SystemI::createSoundInternal             : exinfo->userclose          = 00007FFC0FD13F30
[LOG] SystemI::createSoundInternal             : exinfo->userread           = 00007FFC0FD14050
[LOG] SystemI::createSoundInternal             : exinfo->userseek           = 00007FFC0FD14110
[LOG] SystemI::createSoundInternal             : exinfo->fileuserdata       = 0000029FB2BB4658
[LOG] SystemI::createSoundInternal             : exinfo->initialseekpostype = 1
[WRN] File::open                               : File offset: 58304 + length: 18424832 > actual file size 18481440, truncating length.
[LOG] SystemI::createSoundInternal             : Sample 0/1: name='DogStep9', format=2, channels=1, frequency=48000, lengthbytes=22432, lengthpcm=11200, pcmblocksize=0, loopstart=0, loopend=0, mode=0x00000000, channelmask=0x00000000, channelorder=0, peakvolume=0.501187.
[LOG] SystemI::createSoundInternal             : Create name='', mode=0x02000202
[LOG] SystemI::createSoundInternal             : exinfo->cbsize             = 224
[LOG] SystemI::createSoundInternal             : exinfo->length             = 18424832
[LOG] SystemI::createSoundInternal             : exinfo->fileoffset         = 58304
[LOG] SystemI::createSoundInternal             : exinfo->numsubsounds       = 1
[LOG] SystemI::createSoundInternal             : exinfo->inclusionlist      = 000000E2CB39F008
[LOG] SystemI::createSoundInternal             : exinfo->inclusionlistnum   = 1
[LOG] SystemI::createSoundInternal             : exinfo->suggestedsoundtype = 5
[LOG] SystemI::createSoundInternal             : exinfo->useropen           = 00007FFC0FD13F70
[LOG] SystemI::createSoundInternal             : exinfo->userclose          = 00007FFC0FD13F30
[LOG] SystemI::createSoundInternal             : exinfo->userread           = 00007FFC0FD14050
[LOG] SystemI::createSoundInternal             : exinfo->userseek           = 00007FFC0FD14110
[LOG] SystemI::createSoundInternal             : exinfo->fileuserdata       = 0000029FB2BB4658
[LOG] SystemI::createSoundInternal             : exinfo->initialseekpostype = 1
[WRN] File::open                               : File offset: 58304 + length: 18424832 > actual file size 18481440, truncating length.
[LOG] SystemI::createSoundInternal             : Sample 0/1: name='DogStep6', format=2, channels=1, frequency=48000, lengthbytes=12832, lengthpcm=6400, pcmblocksize=0, loopstart=0, loopend=0, mode=0x00000000, channelmask=0x00000000, channelorder=0, peakvolume=0.501187.
[LOG] SystemI::createSoundInternal             : Create name='', mode=0x02000202
[LOG] SystemI::createSoundInternal             : exinfo->cbsize             = 224
[LOG] SystemI::createSoundInternal             : exinfo->length             = 18424832
[LOG] SystemI::createSoundInternal             : exinfo->fileoffset         = 58304
[LOG] SystemI::createSoundInternal             : exinfo->numsubsounds       = 1
[LOG] SystemI::createSoundInternal             : exinfo->inclusionlist      = 000000E2CB39F008
[LOG] SystemI::createSoundInternal             : exinfo->inclusionlistnum   = 1
[LOG] SystemI::createSoundInternal             : exinfo->suggestedsoundtype = 5
[LOG] SystemI::createSoundInternal             : exinfo->useropen           = 00007FFC0FD13F70
[LOG] SystemI::createSoundInternal             : exinfo->userclose          = 00007FFC0FD13F30
[LOG] SystemI::createSoundInternal             : exinfo->userread           = 00007FFC0FD14050
[LOG] SystemI::createSoundInternal             : exinfo->userseek           = 00007FFC0FD14110
[LOG] SystemI::createSoundInternal             : exinfo->fileuserdata       = 0000029FB2BB4658
[LOG] SystemI::createSoundInternal             : exinfo->initialseekpostype = 1
[WRN] File::open                               : File offset: 58304 + length: 18424832 > actual file size 18481440, truncating length.
[LOG] SystemI::createSoundInternal             : Sample 0/1: name='DogStep8', format=2, channels=1, frequency=48000, lengthbytes=19232, lengthpcm=9600, pcmblocksize=0, loopstart=0, loopend=0, mode=0x00000000, channelmask=0x00000000, channelorder=0, peakvolume=0.501187.
[LOG] SystemI::createSoundInternal             : Create name='', mode=0x02000202
[LOG] SystemI::createSoundInternal             : exinfo->cbsize             = 224
[LOG] SystemI::createSoundInternal             : exinfo->length             = 18424832
[LOG] SystemI::createSoundInternal             : exinfo->fileoffset         = 58304
[LOG] SystemI::createSoundInternal             : exinfo->numsubsounds       = 1
[LOG] SystemI::createSoundInternal             : exinfo->inclusionlist      = 000000E2CB39F008
[LOG] SystemI::createSoundInternal             : exinfo->inclusionlistnum   = 1
[LOG] SystemI::createSoundInternal             : exinfo->suggestedsoundtype = 5
[LOG] SystemI::createSoundInternal             : exinfo->useropen           = 00007FFC0FD13F70
[LOG] SystemI::createSoundInternal             : exinfo->userclose          = 00007FFC0FD13F30
[LOG] SystemI::createSoundInternal             : exinfo->userread           = 00007FFC0FD14050
[LOG] SystemI::createSoundInternal             : exinfo->userseek           = 00007FFC0FD14110
[LOG] SystemI::createSoundInternal             : exinfo->fileuserdata       = 0000029FB2BB4658
[LOG] SystemI::createSoundInternal             : exinfo->initialseekpostype = 1
[WRN] File::open                               : File offset: 58304 + length: 18424832 > actual file size 18481440, truncating length.
[LOG] SystemI::createSoundInternal             : Sample 0/1: name='DogStep5', format=2, channels=1, frequency=48000, lengthbytes=19232, lengthpcm=9600, pcmblocksize=0, loopstart=0, loopend=0, mode=0x00000000, channelmask=0x00000000, channelorder=0, peakvolume=0.501187.
[LOG] SystemI::createSoundInternal             : Create name='', mode=0x02000202
[LOG] SystemI::createSoundInternal             : exinfo->cbsize             = 224
[LOG] SystemI::createSoundInternal             : exinfo->length             = 18424832
[LOG] SystemI::createSoundInternal             : exinfo->fileoffset         = 58304
[LOG] SystemI::createSoundInternal             : exinfo->numsubsounds       = 1
[LOG] SystemI::createSoundInternal             : exinfo->inclusionlist      = 000000E2CB39F008
[LOG] SystemI::createSoundInternal             : exinfo->inclusionlistnum   = 1
[LOG] SystemI::createSoundInternal             : exinfo->suggestedsoundtype = 5
[LOG] SystemI::createSoundInternal             : exinfo->useropen           = 00007FFC0FD13F70
[LOG] SystemI::createSoundInternal             : exinfo->userclose          = 00007FFC0FD13F30
[LOG] SystemI::createSoundInternal             : exinfo->userread           = 00007FFC0FD14050
[LOG] SystemI::createSoundInternal             : exinfo->userseek           = 00007FFC0FD14110
[LOG] SystemI::createSoundInternal             : exinfo->fileuserdata       = 0000029FB2BB4658
[LOG] SystemI::createSoundInternal             : exinfo->initialseekpostype = 1
[WRN] File::open                               : File offset: 58304 + length: 18424832 > actual file size 18481440, truncating length.
[LOG] SystemI::createSoundInternal             : Sample 0/1: name='DogStep2', format=2, channels=1, frequency=48000, lengthbytes=16032, lengthpcm=8000, pcmblocksize=0, loopstart=0, loopend=0, mode=0x00000000, channelmask=0x00000000, channelorder=0, peakvolume=0.501187.
[LOG] SoundI::release                          :  (0000029FE6041B88)
[LOG] SoundI::release                          :     Dog_Bark_2 (0000029FD781EE08)
